#
# A fatal error has been detected by the Java Runtime Environment:
#
#  SIGSEGV (0xb) at pc=0x00000001198d1ce9, pid=23539, tid=11011
#
# JRE version: Java(TM) SE Runtime Environment (7.0_79-b15) (build 1.7.0_79-b15)
# Java VM: Java HotSpot(TM) 64-Bit Server VM (24.79-b02 mixed mode bsd-amd64 compressed oops)
# Problematic frame:
# C  [libswt-cocoa-4530.jnilib+0x25ce9]  callback+0x297
#
# Failed to write core dump. Core dumps have been disabled. To enable core dumping, try "ulimit -c unlimited" before starting Java again
#
# If you would like to submit a bug report, please visit:
#   http://bugreport.java.com/bugreport/crash.jsp
#

---------------  T H R E A D  ---------------

Current thread (0x00007fb7ab03e800):  VMThread [stack: 0x0000700005707000,0x0000700005807000] [id=11011]

siginfo:si_signo=SIGSEGV: si_errno=0, si_code=1 (SEGV_MAPERR), si_addr=0x0000000000000078

Registers:
RAX=0x0000000000000000, RBX=0x00007fb7ad79c110, RCX=0x0000700005806754, RDX=0x0000000000000001
RSP=0x0000700005806780, RBP=0x00007000058068b0, RSI=0x0000000000000000, RDI=0x0000000000000000
R8 =0x0000000000000001, R9 =0x00007fb7abc7ba20, R10=0x00007fb7a9636a60, R11=0x00007fb7a996da50
R12=0x00007fffd6556b40, R13=0x00007fffd6556b40, R14=0x0000000000000000, R15=0x0000000000000000
RIP=0x00000001198d1ce9, EFLAGS=0x0000000000010206, ERR=0x0000000000000004
  TRAPNO=0x000000000000000e

Top of Stack: (sp=0x0000700005806780)
0x0000700005806780:   00000001198d1adb 00007fffdf9da2f0
0x0000700005806790:   00007000058067e0 00000000dc0ba230
0x00007000058067a0:   00007fffc05440d4 00007fffbfb3f27a
0x00007000058067b0:   0000000000000000 00007fb7ab03e9e8
0x00007000058067c0:   00007fb7a96053d8 00007fb7a970e408
0x00007000058067d0:   0000000200012b03 0000000000000000
0x00007000058067e0:   0000700005806840 00007fff00000000
0x00007000058067f0:   00007fffdfa93e40 ffff8048540ce180
0x0000700005806800:   00007fb7ad79fab0 00007fb7a9416660
0x0000700005806810:   00007fffc05498e5 0000000000000000
0x0000700005806820:   0000000000000001 00007fb7abc7ba20
0x0000700005806830:   00000000000000f8 00007fffc053d407
0x0000700005806840:   0000700005806910 00007fffd65575d4
0x0000700005806850:   00007fb7abc7ba20 0000000000000001
0x0000700005806860:   0000000000000000 0000000000000000
0x0000700005806870:   00007fffc05440d4 00007fb7ad79c110
0x0000700005806880:   00007fb7b0010c20 00007fb7abf31e80
0x0000700005806890:   0000000000000000 0000000000000000
0x00007000058068a0:   0000000000000000 0000000000000000
0x00007000058068b0:   00007000058068d0 00000001198b025e
0x00007000058068c0:   00007fffc05498e5 00007fb7a9416660
0x00007000058068d0:   0000700005806910 00007fffbfb3f2f0
0x00007000058068e0:   00007fb7a9609c40 00007fb7a9609d40
0x00007000058068f0:   00007000058069a0 0000000000000000
0x0000700005806900:   00000000000000f8 00007fffc053d407
0x0000700005806910:   0000700005806970 00007fffbfc9c2e8
0x0000700005806920:   00007fb7ad7a0b90 00007fb7ad7a0b90
0x0000700005806930:   0000700005806940 0000000000000000
0x0000700005806940:   0000700005806950 00007fb7ad79c110
0x0000700005806950:   00007fffc0545d54 00007fffd6556b40
0x0000700005806960:   00007fffc053bb7e 0000000000000000
0x0000700005806970:   00007000058069f0 00007fffbfc9c090 

Instructions: (pc=0x00000001198d1ce9)
0x00000001198d1cc9:   ff ff 01 00 00 00 48 8b 85 08 ff ff ff 48 85 c0
0x00000001198d1cd9:   0f 84 9f 03 00 00 48 8b 85 08 ff ff ff 48 8b 00
0x00000001198d1ce9:   48 8b 40 78 48 8b bd 08 ff ff ff ff d0 48 89 85
0x00000001198d1cf9:   30 ff ff ff 48 83 bd 30 ff ff ff 00 74 26 48 8b 

Register to memory mapping:

RAX=0x0000000000000000 is an unknown value
RBX=0x00007fb7ad79c110 is an unknown value
RCX=0x0000700005806754 is an unknown value
RDX=0x0000000000000001 is an unknown value
RSP=0x0000700005806780 is an unknown value
RBP=0x00007000058068b0 is an unknown value
RSI=0x0000000000000000 is an unknown value
RDI=0x0000000000000000 is an unknown value
R8 =0x0000000000000001 is an unknown value
R9 =0x00007fb7abc7ba20 is an unknown value
R10=0x00007fb7a9636a60 is an unknown value
R11=0x00007fb7a996da50 is an unknown value
R12=0x00007fffd6556b40: objc_msgSend+0 in /usr/lib/libobjc.A.dylib at 0x00007fffd6550000
R13=0x00007fffd6556b40: objc_msgSend+0 in /usr/lib/libobjc.A.dylib at 0x00007fffd6550000
R14=0x0000000000000000 is an unknown value
R15=0x0000000000000000 is an unknown value


Stack: [0x0000700005707000,0x0000700005807000],  sp=0x0000700005806780,  free space=1021k
Native frames: (J=compiled Java code, j=interpreted, Vv=VM code, C=native code)
C  [libswt-cocoa-4530.jnilib+0x25ce9]  callback+0x297
C  [libswt-cocoa-4530.jnilib+0x425e]  fn0_2+0x27
C  [AppKit+0x1812f0]  -[NSWindow orderWindow:relativeTo:]+0x76
C  [AppKit+0x2de2e8]  __18-[NSWindow _close]_block_invoke+0x209
C  [AppKit+0x2de090]  -[NSWindow _close]+0x16d
C  [FinderKit+0xa7c79]  -[FI_TFloatingInputWindowController dealloc]+0x3b
C  [libobjc.A.dylib+0xec49]  _ZN11objc_object17sidetable_releaseEb+0x11d
C  [AppKit+0x56e89]  -[NSWindowController release]+0x9b
C  [FinderKit+0xa7964]  _ZN6TNSRefIP33FI_TFloatingInputWindowControllervED1Ev+0x14
C  [libsystem_c.dylib+0x60198]  __cxa_finalize_ranges+0x14c
C  [libsystem_c.dylib+0x604d2]  exit+0x37
V  [libjvm.dylib+0x2daa9e]
V  [libjvm.dylib+0x534667]
V  [libjvm.dylib+0x532ccb]
V  [libjvm.dylib+0x533118]
V  [libjvm.dylib+0x532a37]
V  [libjvm.dylib+0x421c4e]
C  [libsystem_pthread.dylib+0x3abb]  _pthread_body+0xb4
C  [libsystem_pthread.dylib+0x3a07]  _pthread_body+0x0
C  [libsystem_pthread.dylib+0x3231]  thread_start+0xd

VM_Operation (0x0000700006227718): Exit, mode: safepoint, requested by thread 0x00007fb7a9882800


---------------  P R O C E S S  ---------------

Java Threads: ( => current thread )
  0x00007fb7a9882800 JavaThread "SIGTERM handler" daemon [_thread_blocked, id=62983, stack(0x0000700006128000,0x0000700006228000)]
  0x00007fb7ab2ad800 JavaThread "Abandoned connection cleanup thread" daemon [_thread_blocked, id=52255, stack(0x0000700006025000,0x0000700006125000)]
  0x00007fb7aa030000 JavaThread "Service Thread" daemon [_thread_blocked, id=17411, stack(0x0000700005d19000,0x0000700005e19000)]
  0x00007fb7aa02f000 JavaThread "C2 CompilerThread1" daemon [_thread_blocked, id=16899, stack(0x0000700005c16000,0x0000700005d16000)]
  0x00007fb7aa02c800 JavaThread "C2 CompilerThread0" daemon [_thread_blocked, id=16387, stack(0x0000700005b13000,0x0000700005c13000)]
  0x00007fb7a9808800 JavaThread "Finalizer" daemon [_thread_blocked, id=12035, stack(0x000070000590d000,0x0000700005a0d000)]
  0x00007fb7ab041000 JavaThread "Reference Handler" daemon [_thread_blocked, id=11523, stack(0x000070000580a000,0x000070000590a000)]
  0x00007fb7aa808000 JavaThread "main" [_thread_blocked, id=2059, stack(0x00007fff51b8b000,0x00007fff5238b000)]

Other Threads:
=>0x00007fb7ab03e800 VMThread [stack: 0x0000700005707000,0x0000700005807000] [id=11011]

VM state:at safepoint (shutting down)

VM Mutex/Monitor currently owned by a thread:  ([mutex/lock_event])
[0x00007fb7a9504aa0] Threads_lock - owner thread: 0x00007fb7ab03e800

Heap
 PSYoungGen      total 38912K, used 11442K [0x00000007d5500000, 0x00000007d8000000, 0x0000000800000000)
  eden space 33792K, 19% used [0x00000007d5500000,0x00000007d5b68168,0x00000007d7600000)
  from space 5120K, 95% used [0x00000007d7600000,0x00000007d7ac4768,0x00000007d7b00000)
  to   space 5120K, 0% used [0x00000007d7b00000,0x00000007d7b00000,0x00000007d8000000)
 ParOldGen       total 87040K, used 22K [0x0000000780000000, 0x0000000785500000, 0x00000007d5500000)
  object space 87040K, 0% used [0x0000000780000000,0x0000000780005bd0,0x0000000785500000)
 PSPermGen       total 21504K, used 9570K [0x000000077ae00000, 0x000000077c300000, 0x0000000780000000)
  object space 21504K, 44% used [0x000000077ae00000,0x000000077b7589e0,0x000000077c300000)

Card table byte_map: [0x0000000111d23000,0x000000011214d000] byte_map_base: 0x000000010e14c000

Polling page: 0x000000010d92f000

Code Cache  [0x000000010ec63000, 0x000000010eed3000, 0x0000000111c63000)
 total_blobs=498 nmethods=107 adapters=345 free_code_cache=48418Kb largest_free_block=49551680

Compilation events (10 events):
Event: 5.331 Thread 0x00007fb7aa02c800  103             java.util.Hashtable::rehash (168 bytes)
Event: 5.332 Thread 0x00007fb7aa02f000  104             java.lang.String::toLowerCase (439 bytes)
Event: 5.337 Thread 0x00007fb7aa02c800 nmethod 103 0x000000010ed18190 code [0x000000010ed18320, 0x000000010ed18748]
Event: 5.350 Thread 0x00007fb7aa02f000 nmethod 104 0x000000010ed1f7d0 code [0x000000010ed1fa00, 0x000000010ed20910]
Event: 5.356 Thread 0x00007fb7aa02c800  105             org.eclipse.swt.widgets.Control::resetVisibleRegion (118 bytes)
Event: 5.357 Thread 0x00007fb7aa02c800 nmethod 105 0x000000010ed19350 code [0x000000010ed194a0, 0x000000010ed19568]
Event: 7.196 Thread 0x00007fb7aa02f000  106             org.eclipse.swt.internal.cocoa.NSView::<init> (6 bytes)
Event: 7.197 Thread 0x00007fb7aa02f000 nmethod 106 0x000000010ed19150 code [0x000000010ed19280, 0x000000010ed192d8]
Event: 11.055 Thread 0x00007fb7aa02c800  107             org.eclipse.swt.widgets.Shell::isDrawing (5 bytes)
Event: 11.055 Thread 0x00007fb7aa02c800 nmethod 107 0x000000010ed18f50 code [0x000000010ed19080, 0x000000010ed190f8]

GC Heap History (2 events):
Event: 2.519 GC heap before
{Heap before GC invocations=1 (full 0):
 PSYoungGen      total 38912K, used 33792K [0x00000007d5500000, 0x00000007d8000000, 0x0000000800000000)
  eden space 33792K, 100% used [0x00000007d5500000,0x00000007d7600000,0x00000007d7600000)
  from space 5120K, 0% used [0x00000007d7b00000,0x00000007d7b00000,0x00000007d8000000)
  to   space 5120K, 0% used [0x00000007d7600000,0x00000007d7600000,0x00000007d7b00000)
 ParOldGen       total 87040K, used 0K [0x0000000780000000, 0x0000000785500000, 0x00000007d5500000)
  object space 87040K, 0% used [0x0000000780000000,0x0000000780000000,0x0000000785500000)
 PSPermGen       total 21504K, used 9214K [0x000000077ae00000, 0x000000077c300000, 0x0000000780000000)
  object space 21504K, 42% used [0x000000077ae00000,0x000000077b6ffb20,0x000000077c300000)
Event: 2.525 GC heap after
Heap after GC invocations=1 (full 0):
 PSYoungGen      total 38912K, used 4881K [0x00000007d5500000, 0x00000007d8000000, 0x0000000800000000)
  eden space 33792K, 0% used [0x00000007d5500000,0x00000007d5500000,0x00000007d7600000)
  from space 5120K, 95% used [0x00000007d7600000,0x00000007d7ac4768,0x00000007d7b00000)
  to   space 5120K, 0% used [0x00000007d7b00000,0x00000007d7b00000,0x00000007d8000000)
 ParOldGen       total 87040K, used 22K [0x0000000780000000, 0x0000000785500000, 0x00000007d5500000)
  object space 87040K, 0% used [0x0000000780000000,0x0000000780005bd0,0x0000000785500000)
 PSPermGen       total 21504K, used 9214K [0x000000077ae00000, 0x000000077c300000, 0x0000000780000000)
  object space 21504K, 42% used [0x000000077ae00000,0x000000077b6ffb20,0x000000077c300000)
}

Deoptimization events (10 events):
Event: 0.897 Thread 0x00007fb7aa808000 Uncommon trap: reason=bimorphic action=maybe_recompile pc=0x000000010eceef3c method=org.eclipse.swt.widgets.Composite._getChildren()[Lorg/eclipse/swt/widgets/Control; @ 1
Event: 1.012 Thread 0x00007fb7aa808000 Uncommon trap: reason=class_check action=maybe_recompile pc=0x000000010ecf35e8 method=org.eclipse.swt.widgets.Control.invalidateVisibleRegion()V @ 62
Event: 1.012 Thread 0x00007fb7aa808000 Uncommon trap: reason=class_check action=maybe_recompile pc=0x000000010ecf35e8 method=org.eclipse.swt.widgets.Control.invalidateVisibleRegion()V @ 62
Event: 1.012 Thread 0x00007fb7aa808000 Uncommon trap: reason=class_check action=maybe_recompile pc=0x000000010ecf35e8 method=org.eclipse.swt.widgets.Control.invalidateVisibleRegion()V @ 62
Event: 1.012 Thread 0x00007fb7aa808000 Uncommon trap: reason=class_check action=maybe_recompile pc=0x000000010ecf35e8 method=org.eclipse.swt.widgets.Control.invalidateVisibleRegion()V @ 62
Event: 1.025 Thread 0x00007fb7aa808000 Uncommon trap: reason=unreached action=reinterpret pc=0x000000010eceaed0 method=org.eclipse.swt.widgets.Display.LookupWidget(JJ)Lorg/eclipse/swt/widgets/Widget; @ 47
Event: 2.321 Thread 0x00007fb7aa808000 Uncommon trap: reason=class_check action=maybe_recompile pc=0x000000010ecc8bb8 method=java.util.Properties$LineReader.readLine()I @ 62
Event: 2.322 Thread 0x00007fb7aa808000 Uncommon trap: reason=class_check action=maybe_recompile pc=0x000000010ecc8bb8 method=java.util.Properties$LineReader.readLine()I @ 62
Event: 2.323 Thread 0x00007fb7aa808000 Uncommon trap: reason=class_check action=maybe_recompile pc=0x000000010ecc8bb8 method=java.util.Properties$LineReader.readLine()I @ 62
Event: 2.324 Thread 0x00007fb7aa808000 Uncommon trap: reason=class_check action=maybe_recompile pc=0x000000010ecc8bb8 method=java.util.Properties$LineReader.readLine()I @ 62

Internal exceptions (10 events):
Event: 2.551 Thread 0x00007fb7aa808000 Threw 0x00000007d5596fa0 at /HUDSON/workspace/7u-2-build-macosx-x86_64/jdk7u79/2331/hotspot/src/share/vm/prims/jvm.cpp:1304
Event: 2.551 Thread 0x00007fb7aa808000 Threw 0x00000007d559ca60 at /HUDSON/workspace/7u-2-build-macosx-x86_64/jdk7u79/2331/hotspot/src/share/vm/prims/jvm.cpp:1304
Event: 2.552 Thread 0x00007fb7aa808000 Threw 0x00000007d5607a80 at /HUDSON/workspace/7u-2-build-macosx-x86_64/jdk7u79/2331/hotspot/src/share/vm/prims/jvm.cpp:1304
Event: 2.555 Thread 0x00007fb7aa808000 Threw 0x00000007d5615c08 at /HUDSON/workspace/7u-2-build-macosx-x86_64/jdk7u79/2331/hotspot/src/share/vm/prims/jvm.cpp:1304
Event: 5.311 Thread 0x00007fb7aa808000 Threw 0x00000007d58312b0 at /HUDSON/workspace/7u-2-build-macosx-x86_64/jdk7u79/2331/hotspot/src/share/vm/prims/jvm.cpp:1304
Event: 5.311 Thread 0x00007fb7aa808000 Threw 0x00000007d5833598 at /HUDSON/workspace/7u-2-build-macosx-x86_64/jdk7u79/2331/hotspot/src/share/vm/prims/jvm.cpp:1304
Event: 5.329 Thread 0x00007fb7aa808000 Threw 0x00000007d587f338 at /HUDSON/workspace/7u-2-build-macosx-x86_64/jdk7u79/2331/hotspot/src/share/vm/prims/jvm.cpp:1304
Event: 8.280 Thread 0x00007fb7aa808000 Threw 0x00000007d59aa180 at /HUDSON/workspace/7u-2-build-macosx-x86_64/jdk7u79/2331/hotspot/src/share/vm/prims/jvm.cpp:1304
Event: 8.281 Thread 0x00007fb7aa808000 Threw 0x00000007d59b0ed0 at /HUDSON/workspace/7u-2-build-macosx-x86_64/jdk7u79/2331/hotspot/src/share/vm/prims/jvm.cpp:1304
Event: 8.282 Thread 0x00007fb7aa808000 Threw 0x00000007d59b6670 at /HUDSON/workspace/7u-2-build-macosx-x86_64/jdk7u79/2331/hotspot/src/share/vm/prims/jvm.cpp:1304

Events (10 events):
Event: 26.649 loading class 0x0000000116af9050 done
Event: 26.649 Thread 0x00007fb7a9882800 Thread added: 0x00007fb7a9882800
Event: 26.649 loading class 0x00007fb7ab14e400
Event: 26.649 loading class 0x00007fb7ab14e430
Event: 26.649 loading class 0x00007fb7ab14e430 done
Event: 26.649 loading class 0x00007fb7ab14e400 done
Event: 26.649 Thread 0x00007fb7aa0bb800 Thread added: 0x00007fb7aa0bb800
Event: 26.650 Thread 0x00007fb7aa0bb800 Thread exited: 0x00007fb7aa0bb800
Event: 26.650 Thread 0x00007fb7ab05f800 Thread exited: 0x00007fb7ab05f800
Event: 26.650 Executing VM operation: Exit


Dynamic libraries:
0x000000004ca11000 	/System/Library/Frameworks/Cocoa.framework/Versions/A/Cocoa
0x000000004ca11000 	/System/Library/Frameworks/Security.framework/Versions/A/Security
0x000000004ca11000 	/System/Library/Frameworks/ApplicationServices.framework/Versions/A/ApplicationServices
0x000000004ca11000 	/usr/lib/libz.1.dylib
0x000000004ca11000 	/usr/lib/libSystem.B.dylib
0x000000004ca11000 	/usr/lib/libobjc.A.dylib
0x000000004ca11000 	/System/Library/Frameworks/CoreFoundation.framework/Versions/A/CoreFoundation
0x000000004ca11000 	/System/Library/Frameworks/Foundation.framework/Versions/C/Foundation
0x000000004ca11000 	/System/Library/Frameworks/AppKit.framework/Versions/C/AppKit
0x000000004ca11000 	/System/Library/Frameworks/CoreData.framework/Versions/A/CoreData
0x000000004ca11000 	/System/Library/PrivateFrameworks/RemoteViewServices.framework/Versions/A/RemoteViewServices
0x000000004ca11000 	/System/Library/PrivateFrameworks/UIFoundation.framework/Versions/A/UIFoundation
0x000000004ca11000 	/usr/lib/libenergytrace.dylib
0x000000004ca11000 	/System/Library/PrivateFrameworks/SkyLight.framework/Versions/A/SkyLight
0x000000004ca11000 	/System/Library/Frameworks/CoreGraphics.framework/Versions/A/CoreGraphics
0x000000004ca11000 	/usr/lib/libScreenReader.dylib
0x000000004ca11000 	/System/Library/Frameworks/Accelerate.framework/Versions/A/Accelerate
0x000000004ca11000 	/System/Library/Frameworks/IOSurface.framework/Versions/A/IOSurface
0x000000004ca11000 	/System/Library/Frameworks/AudioToolbox.framework/Versions/A/AudioToolbox
0x000000004ca11000 	/System/Library/Frameworks/AudioUnit.framework/Versions/A/AudioUnit
0x000000004ca11000 	/System/Library/PrivateFrameworks/DataDetectorsCore.framework/Versions/A/DataDetectorsCore
0x000000004ca11000 	/System/Library/PrivateFrameworks/DesktopServicesPriv.framework/Versions/A/DesktopServicesPriv
0x000000004ca11000 	/System/Library/Frameworks/Carbon.framework/Versions/A/Frameworks/HIToolbox.framework/Versions/A/HIToolbox
0x000000004ca11000 	/usr/lib/libicucore.A.dylib
0x000000004ca11000 	/System/Library/Frameworks/QuartzCore.framework/Versions/A/QuartzCore
0x000000004ca11000 	/System/Library/Frameworks/Carbon.framework/Versions/A/Frameworks/SpeechRecognition.framework/Versions/A/SpeechRecognition
0x000000004ca11000 	/usr/lib/libauto.dylib
0x000000004ca11000 	/usr/lib/libxml2.2.dylib
0x000000004ca11000 	/System/Library/PrivateFrameworks/CoreUI.framework/Versions/A/CoreUI
0x000000004ca11000 	/System/Library/Frameworks/CoreAudio.framework/Versions/A/CoreAudio
0x000000004ca11000 	/System/Library/Frameworks/DiskArbitration.framework/Versions/A/DiskArbitration
0x000000004ca11000 	/usr/lib/liblangid.dylib
0x000000004ca11000 	/System/Library/PrivateFrameworks/MultitouchSupport.framework/Versions/A/MultitouchSupport
0x000000004ca11000 	/System/Library/Frameworks/IOKit.framework/Versions/A/IOKit
0x000000004ca11000 	/usr/lib/libDiagnosticMessagesClient.dylib
0x000000004ca11000 	/System/Library/Frameworks/CoreServices.framework/Versions/A/CoreServices
0x000000004ca11000 	/System/Library/PrivateFrameworks/PerformanceAnalysis.framework/Versions/A/PerformanceAnalysis
0x000000004ca11000 	/System/Library/PrivateFrameworks/GenerationalStorage.framework/Versions/A/GenerationalStorage
0x000000004ca11000 	/System/Library/Frameworks/OpenGL.framework/Versions/A/OpenGL
0x000000004ca11000 	/System/Library/Frameworks/CoreImage.framework/Versions/A/CoreImage
0x000000004ca11000 	/System/Library/Frameworks/CoreText.framework/Versions/A/CoreText
0x000000004ca11000 	/System/Library/Frameworks/ImageIO.framework/Versions/A/ImageIO
0x000000004ca11000 	/System/Library/PrivateFrameworks/Backup.framework/Versions/A/Backup
0x000000004ca11000 	/usr/lib/libarchive.2.dylib
0x000000004ca11000 	/System/Library/Frameworks/CFNetwork.framework/Versions/A/CFNetwork
0x000000004ca11000 	/System/Library/Frameworks/SystemConfiguration.framework/Versions/A/SystemConfiguration
0x000000004ca11000 	/usr/lib/libCRFSuite.dylib
0x000000004ca11000 	/usr/lib/libc++.1.dylib
0x000000004ca11000 	/usr/lib/libc++abi.dylib
0x000000004ca11000 	/usr/lib/system/libcache.dylib
0x000000004ca11000 	/usr/lib/system/libcommonCrypto.dylib
0x000000004ca11000 	/usr/lib/system/libcompiler_rt.dylib
0x000000004ca11000 	/usr/lib/system/libcopyfile.dylib
0x000000004ca11000 	/usr/lib/system/libcorecrypto.dylib
0x000000004ca11000 	/usr/lib/system/libdispatch.dylib
0x000000004ca11000 	/usr/lib/system/libdyld.dylib
0x000000004ca11000 	/usr/lib/system/libkeymgr.dylib
0x000000004ca11000 	/usr/lib/system/liblaunch.dylib
0x000000004ca11000 	/usr/lib/system/libmacho.dylib
0x000000004ca11000 	/usr/lib/system/libquarantine.dylib
0x000000004ca11000 	/usr/lib/system/libremovefile.dylib
0x000000004ca11000 	/usr/lib/system/libsystem_asl.dylib
0x000000004ca11000 	/usr/lib/system/libsystem_blocks.dylib
0x000000004ca11000 	/usr/lib/system/libsystem_c.dylib
0x000000004ca11000 	/usr/lib/system/libsystem_configuration.dylib
0x000000004ca11000 	/usr/lib/system/libsystem_coreservices.dylib
0x000000004ca11000 	/usr/lib/system/libsystem_coretls.dylib
0x000000004ca11000 	/usr/lib/system/libsystem_dnssd.dylib
0x000000004ca11000 	/usr/lib/system/libsystem_info.dylib
0x000000004ca11000 	/usr/lib/system/libsystem_kernel.dylib
0x000000004ca11000 	/usr/lib/system/libsystem_m.dylib
0x000000004ca11000 	/usr/lib/system/libsystem_malloc.dylib
0x000000004ca11000 	/usr/lib/system/libsystem_network.dylib
0x000000004ca11000 	/usr/lib/system/libsystem_networkextension.dylib
0x000000004ca11000 	/usr/lib/system/libsystem_notify.dylib
0x000000004ca11000 	/usr/lib/system/libsystem_platform.dylib
0x000000004ca11000 	/usr/lib/system/libsystem_pthread.dylib
0x000000004ca11000 	/usr/lib/system/libsystem_sandbox.dylib
0x000000004ca11000 	/usr/lib/system/libsystem_secinit.dylib
0x000000004ca11000 	/usr/lib/system/libsystem_symptoms.dylib
0x000000004ca11000 	/usr/lib/system/libsystem_trace.dylib
0x000000004ca11000 	/usr/lib/system/libunwind.dylib
0x000000004ca11000 	/usr/lib/system/libxpc.dylib
0x000000004ca11000 	/usr/lib/libbsm.0.dylib
0x000000004ca11000 	/usr/lib/system/libkxld.dylib
0x000000004ca11000 	/usr/lib/libcoretls.dylib
0x000000004ca11000 	/usr/lib/libcoretls_cfhelpers.dylib
0x000000004ca11000 	/usr/lib/libxar.1.dylib
0x000000004ca11000 	/usr/lib/libsqlite3.dylib
0x000000004ca11000 	/usr/lib/libpam.2.dylib
0x000000004ca11000 	/usr/lib/libOpenScriptingUtil.dylib
0x000000004ca11000 	/usr/lib/libbz2.1.0.dylib
0x000000004ca11000 	/usr/lib/liblzma.5.dylib
0x000000004ca11000 	/usr/lib/libnetwork.dylib
0x000000004ca11000 	/usr/lib/libpcap.A.dylib
0x000000004ca11000 	/System/Library/Frameworks/CoreServices.framework/Versions/A/Frameworks/FSEvents.framework/Versions/A/FSEvents
0x000000004ca11000 	/System/Library/Frameworks/CoreServices.framework/Versions/A/Frameworks/CarbonCore.framework/Versions/A/CarbonCore
0x000000004ca11000 	/System/Library/Frameworks/CoreServices.framework/Versions/A/Frameworks/Metadata.framework/Versions/A/Metadata
0x000000004ca11000 	/System/Library/Frameworks/CoreServices.framework/Versions/A/Frameworks/OSServices.framework/Versions/A/OSServices
0x000000004ca11000 	/System/Library/Frameworks/CoreServices.framework/Versions/A/Frameworks/SearchKit.framework/Versions/A/SearchKit
0x000000004ca11000 	/System/Library/Frameworks/CoreServices.framework/Versions/A/Frameworks/AE.framework/Versions/A/AE
0x000000004ca11000 	/System/Library/Frameworks/CoreServices.framework/Versions/A/Frameworks/LaunchServices.framework/Versions/A/LaunchServices
0x000000004ca11000 	/System/Library/Frameworks/CoreServices.framework/Versions/A/Frameworks/DictionaryServices.framework/Versions/A/DictionaryServices
0x000000004ca11000 	/System/Library/Frameworks/CoreServices.framework/Versions/A/Frameworks/SharedFileList.framework/Versions/A/SharedFileList
0x000000004ca11000 	/System/Library/Frameworks/NetFS.framework/Versions/A/NetFS
0x000000004ca11000 	/System/Library/PrivateFrameworks/NetAuth.framework/Versions/A/NetAuth
0x000000004ca11000 	/System/Library/PrivateFrameworks/login.framework/Versions/A/Frameworks/loginsupport.framework/Versions/A/loginsupport
0x000000004ca11000 	/System/Library/PrivateFrameworks/TCC.framework/Versions/A/TCC
0x000000004ca11000 	/usr/lib/libmecabra.dylib
0x000000004ca11000 	/System/Library/Frameworks/ApplicationServices.framework/Versions/A/Frameworks/ATS.framework/Versions/A/ATS
0x000000004ca11000 	/System/Library/Frameworks/ApplicationServices.framework/Versions/A/Frameworks/ColorSync.framework/Versions/A/ColorSync
0x000000004ca11000 	/System/Library/Frameworks/ApplicationServices.framework/Versions/A/Frameworks/HIServices.framework/Versions/A/HIServices
0x000000004ca11000 	/System/Library/Frameworks/ApplicationServices.framework/Versions/A/Frameworks/LangAnalysis.framework/Versions/A/LangAnalysis
0x000000004ca11000 	/System/Library/Frameworks/ApplicationServices.framework/Versions/A/Frameworks/PrintCore.framework/Versions/A/PrintCore
0x000000004ca11000 	/System/Library/Frameworks/ApplicationServices.framework/Versions/A/Frameworks/QD.framework/Versions/A/QD
0x000000004ca11000 	/System/Library/Frameworks/ApplicationServices.framework/Versions/A/Frameworks/SpeechSynthesis.framework/Versions/A/SpeechSynthesis
0x000000004ca11000 	/System/Library/Frameworks/Accelerate.framework/Versions/A/Frameworks/vImage.framework/Versions/A/vImage
0x000000004ca11000 	/System/Library/Frameworks/Accelerate.framework/Versions/A/Frameworks/vecLib.framework/Versions/A/vecLib
0x000000004ca11000 	/System/Library/Frameworks/Accelerate.framework/Versions/A/Frameworks/vecLib.framework/Versions/A/libvDSP.dylib
0x000000004ca11000 	/System/Library/Frameworks/Accelerate.framework/Versions/A/Frameworks/vecLib.framework/Versions/A/libBNNS.dylib
0x000000004ca11000 	/System/Library/Frameworks/Accelerate.framework/Versions/A/Frameworks/vecLib.framework/Versions/A/libQuadrature.dylib
0x000000004ca11000 	/System/Library/Frameworks/Accelerate.framework/Versions/A/Frameworks/vecLib.framework/Versions/A/libvMisc.dylib
0x000000004ca11000 	/System/Library/Frameworks/Accelerate.framework/Versions/A/Frameworks/vecLib.framework/Versions/A/libLAPACK.dylib
0x000000004ca11000 	/System/Library/Frameworks/Accelerate.framework/Versions/A/Frameworks/vecLib.framework/Versions/A/libBLAS.dylib
0x000000004ca11000 	/System/Library/Frameworks/Accelerate.framework/Versions/A/Frameworks/vecLib.framework/Versions/A/libLinearAlgebra.dylib
0x000000004ca11000 	/System/Library/Frameworks/Accelerate.framework/Versions/A/Frameworks/vecLib.framework/Versions/A/libSparseBLAS.dylib
0x000000004ca11000 	/System/Library/Frameworks/ApplicationServices.framework/Versions/A/Frameworks/ATS.framework/Versions/A/Resources/libFontParser.dylib
0x000000004ca11000 	/System/Library/Frameworks/ApplicationServices.framework/Versions/A/Frameworks/ATS.framework/Versions/A/Resources/libFontRegistry.dylib
0x000000004ca11000 	/System/Library/Frameworks/ImageIO.framework/Versions/A/Resources/libJPEG.dylib
0x000000004ca11000 	/System/Library/Frameworks/ImageIO.framework/Versions/A/Resources/libTIFF.dylib
0x000000004ca11000 	/System/Library/Frameworks/ImageIO.framework/Versions/A/Resources/libPng.dylib
0x000000004ca11000 	/System/Library/Frameworks/ImageIO.framework/Versions/A/Resources/libGIF.dylib
0x000000004ca11000 	/System/Library/Frameworks/ImageIO.framework/Versions/A/Resources/libJP2.dylib
0x000000004ca11000 	/System/Library/Frameworks/ImageIO.framework/Versions/A/Resources/libRadiance.dylib
0x000000004ca11000 	/usr/lib/libcompression.dylib
0x000000004ca11000 	/System/Library/PrivateFrameworks/AppleJPEG.framework/Versions/A/AppleJPEG
0x000000004ca11000 	/usr/lib/libcups.2.dylib
0x000000004ca11000 	/System/Library/Frameworks/Kerberos.framework/Versions/A/Kerberos
0x000000004ca11000 	/System/Library/Frameworks/GSS.framework/Versions/A/GSS
0x000000004ca11000 	/usr/lib/libresolv.9.dylib
0x000000004ca11000 	/usr/lib/libiconv.2.dylib
0x000000004ca11000 	/System/Library/PrivateFrameworks/Heimdal.framework/Versions/A/Heimdal
0x000000004ca11000 	/usr/lib/libheimdal-asn1.dylib
0x000000004ca11000 	/System/Library/Frameworks/OpenDirectory.framework/Versions/A/OpenDirectory
0x000000004ca11000 	/System/Library/PrivateFrameworks/CommonAuth.framework/Versions/A/CommonAuth
0x000000004ca11000 	/System/Library/Frameworks/OpenDirectory.framework/Versions/A/Frameworks/CFOpenDirectory.framework/Versions/A/CFOpenDirectory
0x000000004ca11000 	/System/Library/Frameworks/SecurityFoundation.framework/Versions/A/SecurityFoundation
0x000000004ca11000 	/System/Library/PrivateFrameworks/LanguageModeling.framework/Versions/A/LanguageModeling
0x000000004ca11000 	/usr/lib/libmarisa.dylib
0x000000004ca11000 	/usr/lib/libChineseTokenizer.dylib
0x000000004ca11000 	/usr/lib/libcmph.dylib
0x000000004ca11000 	/System/Library/PrivateFrameworks/CoreEmoji.framework/Versions/A/CoreEmoji
0x000000004ca11000 	/System/Library/Frameworks/ServiceManagement.framework/Versions/A/ServiceManagement
0x000000004ca11000 	/usr/lib/libxslt.1.dylib
0x000000004ca11000 	/System/Library/Frameworks/Carbon.framework/Versions/A/Frameworks/Ink.framework/Versions/A/Ink
0x000000004ca11000 	/System/Library/PrivateFrameworks/TextureIO.framework/Versions/A/TextureIO
0x000000004ca11000 	/System/Library/Frameworks/Metal.framework/Versions/A/Metal
0x000000004ca11000 	/usr/lib/libate.dylib
0x000000004ca11000 	/System/Library/PrivateFrameworks/GPUCompiler.framework/libmetal_timestamp.dylib
0x000000004ca11000 	/System/Library/Frameworks/OpenGL.framework/Versions/A/Libraries/libCoreFSCache.dylib
0x000000004ca11000 	/System/Library/PrivateFrameworks/IOAccelerator.framework/Versions/A/IOAccelerator
0x000000004ca11000 	/System/Library/Frameworks/CoreVideo.framework/Versions/A/CoreVideo
0x000000004ca11000 	/usr/lib/libFosl_dynamic.dylib
0x000000004ca11000 	/System/Library/PrivateFrameworks/MetalPerformanceShaders.framework/Versions/A/MetalPerformanceShaders
0x000000004ca11000 	/System/Library/PrivateFrameworks/FaceCore.framework/Versions/A/FaceCore
0x000000004ca11000 	/System/Library/Frameworks/OpenCL.framework/Versions/A/OpenCL
0x000000004ca11000 	/System/Library/Frameworks/OpenGL.framework/Versions/A/Libraries/libGLU.dylib
0x000000004ca11000 	/System/Library/Frameworks/OpenGL.framework/Versions/A/Libraries/libGFXShared.dylib
0x000000004ca11000 	/System/Library/Frameworks/OpenGL.framework/Versions/A/Libraries/libGL.dylib
0x000000004ca11000 	/System/Library/Frameworks/OpenGL.framework/Versions/A/Libraries/libGLImage.dylib
0x000000004ca11000 	/System/Library/Frameworks/OpenGL.framework/Versions/A/Libraries/libCVMSPluginSupport.dylib
0x000000004ca11000 	/System/Library/Frameworks/OpenGL.framework/Versions/A/Libraries/libCoreVMClient.dylib
0x000000004ca11000 	/System/Library/PrivateFrameworks/CrashReporterSupport.framework/Versions/A/CrashReporterSupport
0x000000004ca11000 	/System/Library/PrivateFrameworks/Sharing.framework/Versions/A/Sharing
0x000000004ca11000 	/System/Library/PrivateFrameworks/IconServices.framework/Versions/A/IconServices
0x000000004ca11000 	/System/Library/PrivateFrameworks/ProtocolBuffer.framework/Versions/A/ProtocolBuffer
0x000000004ca11000 	/System/Library/PrivateFrameworks/Apple80211.framework/Versions/A/Apple80211
0x000000004ca11000 	/System/Library/Frameworks/CoreWLAN.framework/Versions/A/CoreWLAN
0x000000004ca11000 	/System/Library/PrivateFrameworks/CoreUtils.framework/Versions/A/CoreUtils
0x000000004ca11000 	/System/Library/Frameworks/IOBluetooth.framework/Versions/A/IOBluetooth
0x000000004ca11000 	/System/Library/PrivateFrameworks/CoreWiFi.framework/Versions/A/CoreWiFi
0x000000004ca11000 	/System/Library/Frameworks/CoreBluetooth.framework/Versions/A/CoreBluetooth
0x000000004ca11000 	/System/Library/Frameworks/CoreDisplay.framework/Versions/A/CoreDisplay
0x000000004ca11000 	/System/Library/PrivateFrameworks/IOPresentment.framework/Versions/A/IOPresentment
0x000000004ca11000 	/System/Library/PrivateFrameworks/DebugSymbols.framework/Versions/A/DebugSymbols
0x000000004ca11000 	/System/Library/PrivateFrameworks/CoreSymbolication.framework/Versions/A/CoreSymbolication
0x000000004ca11000 	/System/Library/PrivateFrameworks/Symbolication.framework/Versions/A/Symbolication
0x000000004ca11000 	/System/Library/PrivateFrameworks/AppleFSCompression.framework/Versions/A/AppleFSCompression
0x000000004ca11000 	/System/Library/PrivateFrameworks/SpeechRecognitionCore.framework/Versions/A/SpeechRecognitionCore
0x000000004ca11000 	/System/Library/PrivateFrameworks/ChunkingLibrary.framework/Versions/A/ChunkingLibrary
0x000000010e200000 	/Library/Java/JavaVirtualMachines/jdk1.7.0_79.jdk/Contents/Home/jre/lib/server/libjvm.dylib
0x000000004ca11000 	/usr/lib/libstdc++.6.dylib
0x000000010d8f2000 	/Library/Java/JavaVirtualMachines/jdk1.7.0_79.jdk/Contents/Home/jre/lib/libverify.dylib
0x000000010d8ff000 	/Library/Java/JavaVirtualMachines/jdk1.7.0_79.jdk/Contents/Home/jre/lib/libjava.dylib
0x000000010d938000 	/Library/Java/JavaVirtualMachines/jdk1.7.0_79.jdk/Contents/Home/jre/lib/libzip.dylib
0x0000000117d03000 	/System/Library/Frameworks/JavaVM.framework/Frameworks/JavaRuntimeSupport.framework/JavaRuntimeSupport
0x0000000117d1d000 	/System/Library/Frameworks/JavaVM.framework/Versions/A/Frameworks/JavaNativeFoundation.framework/Versions/A/JavaNativeFoundation
0x0000000117d32000 	/System/Library/Frameworks/JavaVM.framework/Versions/A/JavaVM
0x000000004ca11000 	/System/Library/Frameworks/Carbon.framework/Versions/A/Carbon
0x0000000117d3f000 	/System/Library/PrivateFrameworks/JavaLaunching.framework/Versions/A/JavaLaunching
0x000000004ca11000 	/System/Library/Frameworks/Carbon.framework/Versions/A/Frameworks/CommonPanels.framework/Versions/A/CommonPanels
0x000000004ca11000 	/System/Library/Frameworks/Carbon.framework/Versions/A/Frameworks/Help.framework/Versions/A/Help
0x000000004ca11000 	/System/Library/Frameworks/Carbon.framework/Versions/A/Frameworks/ImageCapture.framework/Versions/A/ImageCapture
0x000000004ca11000 	/System/Library/Frameworks/Carbon.framework/Versions/A/Frameworks/OpenScripting.framework/Versions/A/OpenScripting
0x000000004ca11000 	/System/Library/Frameworks/Carbon.framework/Versions/A/Frameworks/Print.framework/Versions/A/Print
0x000000004ca11000 	/System/Library/Frameworks/Carbon.framework/Versions/A/Frameworks/SecurityHI.framework/Versions/A/SecurityHI
0x00000001198ac000 	/Users/michaelschafferer/.swt/lib/macosx/x86_64/libswt-cocoa-4530.jnilib
0x000000004ca11000 	/System/Library/Frameworks/WebKit.framework/Versions/A/WebKit
0x000000004ca11000 	/System/Library/Frameworks/JavaScriptCore.framework/Versions/A/JavaScriptCore
0x000000004ca11000 	/System/Library/Frameworks/SecurityInterface.framework/Versions/A/SecurityInterface
0x000000004ca11000 	/System/Library/Frameworks/WebKit.framework/Versions/A/Frameworks/WebKitLegacy.framework/Versions/A/WebKitLegacy
0x000000004ca11000 	/System/Library/Frameworks/WebKit.framework/Versions/A/Frameworks/WebCore.framework/Versions/A/WebCore
0x0000000119979000 	/Users/michaelschafferer/.swt/lib/macosx/x86_64/libswt-pi-cocoa-4530.jnilib
0x000000004ca11000 	/System/Library/PrivateFrameworks/CoreServicesInternal.framework/Versions/A/CoreServicesInternal
0x000000004ca11000 	/System/Library/Frameworks/Accelerate.framework/Versions/A/Frameworks/vImage.framework/Versions/A/Libraries/libCGInterfaces.dylib
0x000000004ca11000 	/System/Library/Frameworks/ApplicationServices.framework/Versions/A/Frameworks/ATS.framework/Versions/A/Resources/libTrueTypeScaler.dylib
0x000000004ca11000 	/System/Library/PrivateFrameworks/CloudDocs.framework/Versions/A/CloudDocs
0x000000004ca11000 	/System/Library/Frameworks/CloudKit.framework/Versions/A/CloudKit
0x000000004ca11000 	/System/Library/PrivateFrameworks/MMCS.framework/Versions/A/MMCS
0x000000004ca11000 	/System/Library/Frameworks/CoreLocation.framework/Versions/A/CoreLocation
0x000000004ca11000 	/System/Library/PrivateFrameworks/ProtectedCloudStorage.framework/Versions/A/ProtectedCloudStorage
0x000000004ca11000 	/System/Library/PrivateFrameworks/AssetCacheServices.framework/Versions/A/AssetCacheServices
0x000000004ca11000 	/System/Library/PrivateFrameworks/GeoServices.framework/Versions/A/GeoServices
0x0000000119cda000 	/System/Library/PrivateFrameworks/CoreNLP.framework/Versions/A/CoreNLP
0x000000004ca11000 	/System/Library/PrivateFrameworks/FamilyControls.framework/Versions/A/FamilyControls
0x000000004ca11000 	/System/Library/PrivateFrameworks/CommerceKit.framework/Versions/A/Frameworks/CommerceCore.framework/Versions/A/CommerceCore
0x000000004ca11000 	/System/Library/PrivateFrameworks/SystemAdministration.framework/Versions/A/SystemAdministration
0x000000004ca11000 	/System/Library/PrivateFrameworks/AppContainer.framework/Versions/A/AppContainer
0x000000004ca11000 	/System/Library/PrivateFrameworks/SecCodeWrapper.framework/Versions/A/SecCodeWrapper
0x000000004ca11000 	/System/Library/Frameworks/DirectoryService.framework/Versions/A/DirectoryService
0x000000004ca11000 	/System/Library/PrivateFrameworks/DiskImages.framework/Versions/A/DiskImages
0x000000004ca11000 	/System/Library/PrivateFrameworks/LoginUIKit.framework/Versions/A/Frameworks/LoginUICore.framework/Versions/A/LoginUICore
0x000000004ca11000 	/usr/lib/libCoreStorage.dylib
0x000000004ca11000 	/usr/lib/libcsfde.dylib
0x000000004ca11000 	/usr/lib/libodfde.dylib
0x000000004ca11000 	/System/Library/Frameworks/DiscRecording.framework/Versions/A/DiscRecording
0x000000004ca11000 	/usr/lib/libcurl.4.dylib
0x000000004ca11000 	/System/Library/PrivateFrameworks/MediaKit.framework/Versions/A/MediaKit
0x000000004ca11000 	/System/Library/PrivateFrameworks/EFILogin.framework/Versions/A/EFILogin
0x000000004ca11000 	/usr/lib/libutil.dylib
0x000000004ca11000 	/System/Library/Frameworks/LDAP.framework/Versions/A/LDAP
0x000000004ca11000 	/usr/lib/libsasl2.2.dylib
0x000000004ca11000 	/System/Library/PrivateFrameworks/CoreDaemon.framework/Versions/B/CoreDaemon
0x000000004ca11000 	/System/Library/PrivateFrameworks/AppleSRP.framework/Versions/A/AppleSRP
0x000000004ca11000 	/System/Library/PrivateFrameworks/APFS.framework/Versions/A/APFS
0x000000004ca11000 	/System/Library/Frameworks/OpenGL.framework/Versions/A/Resources/GLEngine.bundle/GLEngine
0x000000004ca11000 	/System/Library/Frameworks/OpenGL.framework/Versions/A/Libraries/libGLProgrammability.dylib
0x000000011e299000 	/System/Library/Extensions/AppleIntelHD4000GraphicsGLDriver.bundle/Contents/MacOS/AppleIntelHD4000GraphicsGLDriver
0x000000004ca11000 	/System/Library/PrivateFrameworks/GPUSupport.framework/Versions/A/Libraries/libGPUSupportMercury.dylib
0x000000004ca11000 	/System/Library/Frameworks/OpenGL.framework/Versions/A/Resources/GLRendererFloat.bundle/GLRendererFloat
0x000000004ca11000 	/System/Library/Frameworks/OpenCL.framework/Versions/A/Libraries/libcldcpuengine.dylib
0x000000004ca11000 	/usr/lib/libcrypto.0.9.8.dylib
0x000000004ca11000 	/System/Library/PrivateFrameworks/TrustEvaluationAgent.framework/Versions/A/TrustEvaluationAgent
0x000000011e95b000 	/System/Library/Extensions/AppleIntelHD4000GraphicsMTLDriver.bundle/Contents/MacOS/AppleIntelHD4000GraphicsMTLDriver
0x0000000119722000 	/Library/Java/JavaVirtualMachines/jdk1.7.0_79.jdk/Contents/Home/jre/lib/libnio.dylib
0x000000011983c000 	/Library/Java/JavaVirtualMachines/jdk1.7.0_79.jdk/Contents/Home/jre/lib/./libnet.dylib
0x000000004ca11000 	/System/Library/PrivateFrameworks/FinderKit.framework/Versions/A/FinderKit
0x000000004ca11000 	/System/Library/Frameworks/Quartz.framework/Versions/A/Frameworks/QuickLookUI.framework/Versions/A/QuickLookUI
0x000000004ca11000 	/System/Library/Frameworks/Quartz.framework/Versions/A/Frameworks/ImageKit.framework/Versions/A/ImageKit
0x000000004ca11000 	/System/Library/PrivateFrameworks/Bom.framework/Versions/A/Bom
0x000000004ca11000 	/System/Library/Frameworks/QuickLook.framework/Versions/A/QuickLook
0x000000004ca11000 	/System/Library/PrivateFrameworks/Suggestions.framework/Versions/A/Suggestions
0x000000004ca11000 	/System/Library/PrivateFrameworks/AppleSystemInfo.framework/Versions/A/AppleSystemInfo
0x000000004ca11000 	/System/Library/Frameworks/ImageCaptureCore.framework/Versions/A/ImageCaptureCore
0x000000004ca11000 	/System/Library/Frameworks/SafariServices.framework/Versions/A/SafariServices
0x000000004ca11000 	/System/Library/Frameworks/QTKit.framework/Versions/A/QTKit
0x000000004ca11000 	/System/Library/PrivateFrameworks/MobileKeyBag.framework/Versions/A/MobileKeyBag
0x000000004ca11000 	/System/Library/PrivateFrameworks/ViewBridge.framework/Versions/A/ViewBridge
0x000000004ca11000 	/System/Library/PrivateFrameworks/XPCService.framework/Versions/A/XPCService
0x000000004ca11000 	/System/Library/PrivateFrameworks/AppSandbox.framework/Versions/A/AppSandbox
0x000000004ca11000 	/usr/lib/libsandbox.1.dylib
0x000000004ca11000 	/usr/lib/libMatch.1.dylib
0x000000004ca11000 	/System/Library/Frameworks/AVFoundation.framework/Versions/A/AVFoundation
0x000000004ca11000 	/System/Library/Frameworks/CoreMedia.framework/Versions/A/CoreMedia
0x000000004ca11000 	/System/Library/Frameworks/MediaToolbox.framework/Versions/A/MediaToolbox
0x000000004ca11000 	/System/Library/Frameworks/VideoToolbox.framework/Versions/A/VideoToolbox
0x000000004ca11000 	/System/Library/PrivateFrameworks/CoreMediaAuthoring.framework/Versions/A/CoreMediaAuthoring
0x000000004ca11000 	/System/Library/Frameworks/CoreMediaIO.framework/Versions/A/CoreMediaIO
0x000000004ca11000 	/System/Library/Frameworks/AVFoundation.framework/Versions/A/Frameworks/AVFAudio.framework/Versions/A/AVFAudio
0x000000004ca11000 	/System/Library/PrivateFrameworks/IntlPreferences.framework/Versions/A/IntlPreferences
0x000000004ca11000 	/usr/lib/libspindump.dylib
0x000000004ca11000 	/usr/lib/libdscsym.dylib
0x000000004ca11000 	/System/Library/PrivateFrameworks/CoreAVCHD.framework/Versions/A/CoreAVCHD
0x000000004ca11000 	/System/Library/Frameworks/MediaAccessibility.framework/Versions/A/MediaAccessibility
0x000000004ca11000 	/System/Library/PrivateFrameworks/Mangrove.framework/Versions/A/Mangrove
0x000000004ca11000 	/System/Library/PrivateFrameworks/CoreAUC.framework/Versions/A/CoreAUC
0x000000004ca11000 	/System/Library/PrivateFrameworks/AppleVA.framework/Versions/A/AppleVA
0x000000004ca11000 	/System/Library/PrivateFrameworks/QuickLookThumbnailing.framework/Versions/A/QuickLookThumbnailing
0x000000004ca11000 	/System/Library/PrivateFrameworks/DisplayServices.framework/Versions/A/DisplayServices
0x000000004ca11000 	/System/Library/Frameworks/Quartz.framework/Versions/A/Frameworks/PDFKit.framework/Versions/A/PDFKit
0x000000004ca11000 	/System/Library/Frameworks/Quartz.framework/Versions/A/Frameworks/QuartzComposer.framework/Versions/A/QuartzComposer
0x000000004ca11000 	/System/Library/Frameworks/Quartz.framework/Versions/A/Frameworks/QuartzFilters.framework/Versions/A/QuartzFilters
0x000000004ca11000 	/System/Library/PrivateFrameworks/CorePDF.framework/Versions/A/CorePDF
0x000000004ca11000 	/System/Library/Frameworks/AddressBook.framework/Versions/A/AddressBook
0x000000004ca11000 	/System/Library/PrivateFrameworks/ContactsPersistence.framework/Versions/A/ContactsPersistence
0x000000004ca11000 	/System/Library/PrivateFrameworks/CalendarAgentLink.framework/Versions/A/CalendarAgentLink
0x000000004ca11000 	/System/Library/PrivateFrameworks/ContactsFoundation.framework/Versions/A/ContactsFoundation
0x000000004ca11000 	/System/Library/PrivateFrameworks/vCard.framework/Versions/A/vCard
0x000000004ca11000 	/System/Library/PrivateFrameworks/ToneLibrary.framework/Versions/A/ToneLibrary
0x000000004ca11000 	/System/Library/PrivateFrameworks/ToneKit.framework/Versions/A/ToneKit
0x000000004ca11000 	/System/Library/PrivateFrameworks/ApplePushService.framework/Versions/A/ApplePushService
0x000000004ca11000 	/System/Library/PrivateFrameworks/PhoneNumbers.framework/Versions/A/PhoneNumbers
0x000000004ca11000 	/System/Library/Frameworks/Quartz.framework/Versions/A/Quartz
0x000000004ca11000 	/System/Library/Frameworks/Accounts.framework/Versions/A/Accounts
0x000000004ca11000 	/System/Library/PrivateFrameworks/OAuth.framework/Versions/A/OAuth
0x000000004ca11000 	/System/Library/PrivateFrameworks/CacheDelete.framework/Versions/A/CacheDelete
0x000000004ca11000 	/System/Library/PrivateFrameworks/PlugInKit.framework/Versions/A/PlugInKit
0x000000004ca11000 	/System/Library/CoreServices/RawCamera.bundle/Contents/MacOS/RawCamera

VM Arguments:
jvm_args: -Dfile.encoding=UTF-8 
java_command: UserInterface.main
Launcher Type: SUN_STANDARD

Environment Variables:
PATH=/usr/bin:/bin:/usr/sbin:/sbin
SHELL=/bin/bash

Signal Handlers:
SIGSEGV: [libjvm.dylib+0x52daf1], sa_mask[0]=0xfffefeff, sa_flags=0x00000043
SIGBUS: [libjvm.dylib+0x52daf1], sa_mask[0]=0xfffefeff, sa_flags=0x00000042
SIGFPE: [libjvm.dylib+0x41f34e], sa_mask[0]=0xfffefeff, sa_flags=0x00000042
SIGPIPE: [libjvm.dylib+0x41f34e], sa_mask[0]=0xfffefeff, sa_flags=0x00000042
SIGXFSZ: [libjvm.dylib+0x41f34e], sa_mask[0]=0xfffefeff, sa_flags=0x00000042
SIGILL: [libjvm.dylib+0x41f34e], sa_mask[0]=0xfffefeff, sa_flags=0x00000042
SIGUSR1: SIG_DFL, sa_mask[0]=0x00000000, sa_flags=0x00000000
SIGUSR2: [libjvm.dylib+0x41ee40], sa_mask[0]=0x00000004, sa_flags=0x00000042
SIGHUP: [libjvm.dylib+0x41d0d1], sa_mask[0]=0xfffefeff, sa_flags=0x00000042
SIGINT: [libjvm.dylib+0x41d0d1], sa_mask[0]=0xfffefeff, sa_flags=0x00000042
SIGTERM: [libjvm.dylib+0x41d0d1], sa_mask[0]=0xfffefeff, sa_flags=0x00000042
SIGQUIT: [libjvm.dylib+0x41d0d1], sa_mask[0]=0xfffefeff, sa_flags=0x00000042


---------------  S Y S T E M  ---------------

OS:Bsduname:Darwin 16.0.0 Darwin Kernel Version 16.0.0: Mon Aug 29 17:56:20 PDT 2016; root:xnu-3789.1.32~3/RELEASE_X86_64 x86_64
rlimit: STACK 8192k, CORE 0k, NPROC 709, NOFILE 10240, AS infinity
load average:1.82 1.75 1.82

CPU:total 4 (2 cores per cpu, 2 threads per core) family 6 model 58 stepping 9, cmov, cx8, fxsr, mmx, sse, sse2, sse3, ssse3, sse4.1, sse4.2, popcnt, avx, aes, erms, ht, tsc, tscinvbit, tscinv

Memory: 4k page, physical 8388608k(2097152k free)

/proc/meminfo:


vm_info: Java HotSpot(TM) 64-Bit Server VM (24.79-b02) for bsd-amd64 JRE (1.7.0_79-b15), built on Apr 10 2015 11:35:04 by "java_re" with gcc 4.2.1 (Based on Apple Inc. build 5658) (LLVM build 2336.11.00)

time: Tue Nov 15 15:35:57 2016
elapsed time: 26 seconds

